<?xml version="1.0" encoding="UTF-8"?>
<Site BuildName="(empty)"
	BuildStamp="20251017-0402-Experimental"
	Name="Micah"
	Generator="ctest-3.22.1"
	CompilerName="/usr/bin/c++"
	CompilerVersion="11.4.0"
	OSName="Linux"
	Hostname="Micah"
	OSRelease="6.6.87.2-microsoft-standard-WSL2"
	OSVersion="#1 SMP PREEMPT_DYNAMIC Thu Jun  5 18:30:46 UTC 2025"
	OSPlatform="x86_64"
	Is64Bits="1"
	VendorString="GenuineIntel"
	VendorID="Intel Corporation"
	FamilyID="6"
	ModelID="170"
	ProcessorCacheSize="24576"
	NumberOfLogicalCPU="22"
	NumberOfPhysicalCPU="11"
	TotalVirtualMemory="8192"
	TotalPhysicalMemory="31808"
	LogicalProcessorsPerPhysical="2"
	ProcessorClockFrequency="3072"
	>
	<Testing>
		<StartDateTime>Oct 17 15:02 AEDT</StartDateTime>
		<StartTestTime>1760673777</StartTestTime>
		<TestList/>
		<EndDateTime>Oct 17 15:02 AEDT</EndDateTime>
		<EndTestTime>1760673777</EndTestTime>
		<ElapsedMinutes>0</ElapsedMinutes>
	</Testing>
</Site>
